<?xml version="1.0" encoding="UTF-8"?>
<!-- Generated by org.testng.reporters.JUnitReportReporter -->
<testsuite hostname="FIS-661" failures="0" tests="1" name="exceltests.Testclass4" time="0.877" errors="0" timestamp="2022-01-28T11:22:32 EET" skipped="0">
  <testcase classname="exceltests.Testclass4" name="integrationTest" time="0.877"/>
  <system-out/>
</testsuite> <!-- exceltests.Testclass4 -->
