<?xml version="1.0" encoding="UTF-8"?>
<!-- Generated by org.testng.reporters.JUnitReportReporter -->
<testsuite hostname="FIS-661" failures="0" tests="4" name="tests.Testclass" time="0.012" errors="0" timestamp="2022-01-27T13:07:47 EET" skipped="0">
  <testcase classname="tests.Testclass" name="integrationTest" time="0.001"/>
  <system-out/>
  <testcase classname="tests.Testclass" name="integrationTest" time="0.008"/>
  <system-out/>
  <testcase classname="tests.Testclass" name="integrationTest" time="0.002"/>
  <system-out/>
  <testcase classname="tests.Testclass" name="integrationTest" time="0.001"/>
  <system-out/>
</testsuite> <!-- tests.Testclass -->
