<?xml version="1.0" encoding="UTF-8"?>
<!-- Generated by org.testng.reporters.JUnitReportReporter -->
<testsuite hostname="FIS-661" failures="0" tests="1" name="tests.Testclass4" time="0.773" errors="0" timestamp="2022-01-27T23:36:36 EET" skipped="0">
  <testcase classname="tests.Testclass4" name="integrationTest" time="0.773"/>
  <system-out/>
</testsuite> <!-- tests.Testclass4 -->
