<?xml version="1.0" encoding="UTF-8"?>
<!-- Generated by org.testng.reporters.JUnitReportReporter -->
<testsuite hostname="FIS-661" failures="0" tests="1" name="tests.Testclass2" time="0.695" errors="0" timestamp="2022-01-27T12:39:27 EET" skipped="0">
  <testcase classname="tests.Testclass2" name="integrationTest" time="0.695"/>
  <system-out/>
</testsuite> <!-- tests.Testclass2 -->
